This file contains any messages produced by compilers while
running configure, to aid debugging if configure makes a mistake.

It was created by MHASH configure 0.9.9, which was
generated by GNU Autoconf 2.61.  Invocation command line was

  $ ./configure --prefix=/androidserver --enable-static --disable-shared --target=arm-none-linux --host=arm-none-linux --with-CC=/compilation/arm-linux-androideabi-4.6/bin/arm-linux-androideabi-gcc program_prefix=

## --------- ##
## Platform. ##
## --------- ##

hostname = Ubuntu-1204-precise-64-minimal
uname -m = x86_64
uname -r = 3.2.0-49-generic
uname -s = Linux
uname -v = #75-Ubuntu SMP Tue Jun 18 17:39:32 UTC 2013

/usr/bin/uname -p = unknown
/bin/uname -X     = unknown

/bin/arch              = unknown
/usr/bin/arch -k       = unknown
/usr/convex/getsysinfo = unknown
/usr/bin/hostinfo      = unknown
/bin/machine           = unknown
/usr/bin/oslevel       = unknown
/bin/universe          = unknown

PATH: /usr/local/sbin
PATH: /usr/local/bin
PATH: /usr/sbin
PATH: /usr/bin
PATH: /sbin
PATH: /bin
PATH: /usr/games
PATH: /compilation/arm-linux-androideabi-4.6/bin


## ----------- ##
## Core tests. ##
## ----------- ##

configure:2007: checking build system type
configure:2025: result: x86_64-unknown-linux-gnu
configure:2047: checking host system type
configure:2062: result: arm-none-linux-gnu
configure:2084: checking target system type
configure:2099: result: arm-none-linux-gnu
configure:2142: checking for a BSD-compatible install
configure:2198: result: /usr/bin/install -c
configure:2209: checking whether build environment is sane
configure:2252: result: yes
configure:2317: checking for gawk
configure:2347: result: no
configure:2317: checking for mawk
configure:2333: found /usr/bin/mawk
configure:2344: result: mawk
configure:2355: checking whether make sets $(MAKE)
configure:2376: result: yes
configure:2397: error: source directory already configured; run "make distclean" there first

## ---------------- ##
## Cache variables. ##
## ---------------- ##

ac_cv_build=x86_64-unknown-linux-gnu
ac_cv_env_CCASFLAGS_set=
ac_cv_env_CCASFLAGS_value=
ac_cv_env_CCAS_set=
ac_cv_env_CCAS_value=
ac_cv_env_CCC_set=
ac_cv_env_CCC_value=
ac_cv_env_CC_set=set
ac_cv_env_CC_value=/compilation/arm-linux-androideabi-4.6/bin/arm-linux-androideabi-gcc
ac_cv_env_CFLAGS_set=set
ac_cv_env_CFLAGS_value=--sysroot=/compilation/arm-linux-androideabi-4.6/sysroot
ac_cv_env_CPPFLAGS_set=
ac_cv_env_CPPFLAGS_value=
ac_cv_env_CPP_set=
ac_cv_env_CPP_value=
ac_cv_env_CXXCPP_set=
ac_cv_env_CXXCPP_value=
ac_cv_env_CXXFLAGS_set=
ac_cv_env_CXXFLAGS_value=
ac_cv_env_CXX_set=set
ac_cv_env_CXX_value=/compilation/arm-linux-androideabi-4.6/bin/arm-linux-androideabi-c++
ac_cv_env_F77_set=
ac_cv_env_F77_value=
ac_cv_env_FFLAGS_set=
ac_cv_env_FFLAGS_value=
ac_cv_env_LDFLAGS_set=
ac_cv_env_LDFLAGS_value=
ac_cv_env_LIBS_set=
ac_cv_env_LIBS_value=
ac_cv_env_build_alias_set=
ac_cv_env_build_alias_value=
ac_cv_env_host_alias_set=set
ac_cv_env_host_alias_value=arm-none-linux
ac_cv_env_target_alias_set=set
ac_cv_env_target_alias_value=arm-none-linux
ac_cv_host=arm-none-linux-gnu
ac_cv_path_install='/usr/bin/install -c'
ac_cv_prog_AWK=mawk
ac_cv_prog_make_make_set=yes
ac_cv_target=arm-none-linux-gnu

## ----------------- ##
## Output variables. ##
## ----------------- ##

ACLOCAL=''
AMDEPBACKSLASH=''
AMDEP_FALSE=''
AMDEP_TRUE=''
AMTAR=''
AR='/compilation/arm-linux-androideabi-4.6/bin/arm-linux-androideabi-ar'
AS=''
AUTOCONF=''
AUTOHEADER=''
AUTOMAKE=''
AWK='mawk'
CC='/compilation/arm-linux-androideabi-4.6/bin/arm-linux-androideabi-gcc'
CCAS=''
CCASFLAGS=''
CCDEPMODE=''
CFLAGS='--sysroot=/compilation/arm-linux-androideabi-4.6/sysroot'
CPP=''
CPPFLAGS=''
CXX='/compilation/arm-linux-androideabi-4.6/bin/arm-linux-androideabi-c++'
CXXCPP=''
CXXDEPMODE=''
CXXFLAGS=''
CYGPATH_W=''
DEFS=''
DEPDIR=''
DLLTOOL=''
ECHO='echo'
ECHO_C=''
ECHO_N='-n'
ECHO_T=''
EGREP=''
EXEEXT=''
F77=''
FFLAGS=''
GREP=''
INSTALL_DATA='${INSTALL} -m 644'
INSTALL_PROGRAM='${INSTALL}'
INSTALL_SCRIPT='${INSTALL}'
INSTALL_STRIP_PROGRAM=''
LDFLAGS=''
LIBOBJS=''
LIBS=''
LIBTOOL=''
LN_S=''
LTLIBOBJS=''
MAINT=''
MAINTAINER_MODE_FALSE=''
MAINTAINER_MODE_TRUE=''
MAKEINFO=''
OBJDUMP=''
OBJEXT=''
PACKAGE=''
PACKAGE_BUGREPORT='mhash-devel@sourceforge.net'
PACKAGE_NAME='MHASH'
PACKAGE_STRING='MHASH 0.9.9'
PACKAGE_TARNAME='mhash'
PACKAGE_VERSION='0.9.9'
PATH_SEPARATOR=':'
RANLIB='/compilation/arm-linux-androideabi-4.6/bin/arm-linux-androideabi-ranlib'
SET_MAKE=''
SHELL='/bin/bash'
STRIP='/compilation/arm-linux-androideabi-4.6/bin/arm-linux-androideabi-strip'
VERSION=''
ac_ct_CC=''
ac_ct_CXX=''
ac_ct_F77=''
am__fastdepCC_FALSE=''
am__fastdepCC_TRUE=''
am__fastdepCXX_FALSE=''
am__fastdepCXX_TRUE=''
am__include=''
am__leading_dot='.'
am__quote=''
am__tar=''
am__untar=''
bindir='${exec_prefix}/bin'
build='x86_64-unknown-linux-gnu'
build_alias=''
build_cpu='x86_64'
build_os='linux-gnu'
build_vendor='unknown'
datadir='${datarootdir}'
datarootdir='${prefix}/share'
docdir='${datarootdir}/doc/${PACKAGE_TARNAME}'
dvidir='${docdir}'
exec_prefix='NONE'
host='arm-none-linux-gnu'
host_alias='arm-none-linux'
host_cpu='arm'
host_os='linux-gnu'
host_vendor='none'
htmldir='${docdir}'
includedir='${prefix}/include'
infodir='${datarootdir}/info'
install_sh=''
libdir='${exec_prefix}/lib'
libexecdir='${exec_prefix}/libexec'
localedir='${datarootdir}/locale'
localstatedir='${prefix}/var'
mandir='${datarootdir}/man'
mkdir_p='mkdir -p --'
oldincludedir='/usr/include'
pdfdir='${docdir}'
prefix='/androidserver'
program_transform_name='s&^&&'
psdir='${docdir}'
sbindir='${exec_prefix}/sbin'
sharedstatedir='${prefix}/com'
sysconfdir='${prefix}/etc'
target='arm-none-linux-gnu'
target_alias='arm-none-linux'
target_cpu='arm'
target_os='linux-gnu'
target_vendor='none'

## ----------- ##
## confdefs.h. ##
## ----------- ##

#define PACKAGE_NAME "MHASH"
#define PACKAGE_TARNAME "mhash"
#define PACKAGE_VERSION "0.9.9"
#define PACKAGE_STRING "MHASH 0.9.9"
#define PACKAGE_BUGREPORT "mhash-devel@sourceforge.net"

configure: exit 1
